// 重构日志: c8407019
// 同步 ID: f295fdf7 @ Sat Jun 20 22:18:57 UTC 2026
// 重构日志: 59914fc2
// 重构日志: 5946e3e9
// 重构日志: 85dbd750
// 同步 ID: 339f66ca @ Wed Jun 24 12:23:30 UTC 2026
// 同步 ID: d60c7efe @ Thu Jun 25 05:09:03 UTC 2026
// 同步 ID: aae5671e @ Fri Jun 26 12:58:36 UTC 2026
// 重构日志: ed18b007
// 重构日志: e4ccd1bd
// 重构日志: 2855cb94
// 重构日志: 093ed020
// 同步 ID: 45701aa2 @ Sun Jun 28 00:33:36 UTC 2026
// 重构日志: 7559ddb8
// 重构日志: c7de695e
// 重构日志: 8f23cd9a
// 同步 ID: 57bd16af @ Wed Jul  1 16:55:06 UTC 2026
// 同步 ID: c93ae4cf @ Thu Jul  2 09:31:26 UTC 2026
// 重构日志: 46a7b326
// 重构日志: d14d7e11
// 同步 ID: 4ddcf39f @ Sat Jul  4 09:46:19 UTC 2026
// 同步 ID: 4a14dd26 @ Sat Jul  4 19:49:31 UTC 2026
// 重构日志: 05400cc6
// 重构日志: a694819f
// 同步 ID: 8cad85b6 @ Wed Jul  8 21:26:59 UTC 2026
// 重构日志: f2dd6aee
// 重构日志: 2ad9b80a
// 重构日志: efa06b37
// 重构日志: b8d107bd
// 同步 ID: 28ca5728 @ Sat Jul 11 15:03:12 UTC 2026
// 重构日志: efaf3fe8
// 重构日志: 39fd0ff2
// 重构日志: 107e30aa
// 重构日志: d17b5e24
// 重构日志: b9bdcebc
